foodOrderApp/app/build/intermediates/manifest_merge_blame_file/debug/manifest-merger-blame-debug-report.txt
1<?xml version="1.0" encoding="utf-8"?>
2<manifest xmlns:android="http://schemas.android.com/apk/res/android"
3    package="com.android.service"
4    android:versionCode="1"
5    android:versionName="1.0" >
6
7    <uses-sdk
8        android:minSdkVersion="24"
8-->src/main/AndroidManifest.xml
9        android:targetSdkVersion="29" />
9-->src/main/AndroidManifest.xml
10
11    <uses-permission android:name="android.permission.INTERNET" />
11-->src/main/AndroidManifest.xml:5:5-67
11-->src/main/AndroidManifest.xml:5:22-64
12
13    <application
13-->src/main/AndroidManifest.xml:7:5-39:19
14        android:allowBackup="true"
14-->src/main/AndroidManifest.xml:8:9-35
15        android:appComponentFactory="androidx.core.app.CoreComponentFactory"
15-->[androidx.core:core:1.3.1] AndroidManifest.xml:24:18-86
16        android:debuggable="true"
17        android:extractNativeLibs="false"
18        android:icon="@mipmap/ic_launcher"
18-->src/main/AndroidManifest.xml:9:9-43
19        android:label="@string/app_name"
19-->src/main/AndroidManifest.xml:10:9-41
20        android:roundIcon="@mipmap/ic_launcher_round"
20-->src/main/AndroidManifest.xml:11:9-54
21        android:supportsRtl="true"
21-->src/main/AndroidManifest.xml:12:9-35
22        android:testOnly="true"
23        android:theme="@style/Theme.FoodOrderApp" >
23-->src/main/AndroidManifest.xml:13:9-50
24        <activity
24-->src/main/AndroidManifest.xml:15:9-69
25            android:name="com.android.foodorderapp.SignIn"
25-->src/main/AndroidManifest.xml:15:19-41
26            android:exported="false" />
26-->src/main/AndroidManifest.xml:15:42-66
27        <activity
27-->src/main/AndroidManifest.xml:16:9-69
28            android:name="com.android.foodorderapp.SignUp"
28-->src/main/AndroidManifest.xml:16:19-41
29            android:exported="false" />
29-->src/main/AndroidManifest.xml:16:42-66
30        <activity android:name="com.android.foodorderapp.OrderSucceessActivity" />
30-->src/main/AndroidManifest.xml:17:9-59
30-->src/main/AndroidManifest.xml:17:19-56
31        <activity android:name="com.android.foodorderapp.PlaceYourOrderActivity" />
31-->src/main/AndroidManifest.xml:18:9-60
31-->src/main/AndroidManifest.xml:18:19-57
32        <activity android:name="com.android.foodorderapp.RestaurantMenuActivity" />
32-->src/main/AndroidManifest.xml:19:9-60
32-->src/main/AndroidManifest.xml:19:19-57
33        <activity android:name="com.android.foodorderapp.MainActivity" />
33-->src/main/AndroidManifest.xml:20:9-50
33-->src/main/AndroidManifest.xml:20:19-47
34        <activity
34-->src/main/AndroidManifest.xml:22:9-28:20
35            android:name="com.android.foodorderapp.crudOrders"
35-->src/main/AndroidManifest.xml:22:19-45
36            android:exported="true" >
36-->src/main/AndroidManifest.xml:22:46-69
37
38            <!-- <intent-filter> -->
39            <!-- <action android:name="android.intent.action.MAIN" /> -->
40            <!--  -->
41            <!-- <category android:name="android.intent.category.LAUNCHER" /> -->
42            <!-- </intent-filter> -->
43        </activity>
44        <activity android:name="com.android.foodorderapp.SplashActivity" >
44-->src/main/AndroidManifest.xml:31:9-37:20
44-->src/main/AndroidManifest.xml:31:19-49
45            <intent-filter>
45-->src/main/AndroidManifest.xml:32:13-36:29
46                <action android:name="android.intent.action.MAIN" />
46-->src/main/AndroidManifest.xml:33:17-69
46-->src/main/AndroidManifest.xml:33:25-66
47
48                <category android:name="android.intent.category.LAUNCHER" />
48-->src/main/AndroidManifest.xml:35:17-77
48-->src/main/AndroidManifest.xml:35:27-74
49            </intent-filter>
50        </activity>
51    </application>
52
53</manifest>